<?xml version="1.0" encoding="UTF-8"?>
<!-- Generated by org.testng.reporters.JUnitReportReporter -->
<testsuite skipped="0" hostname="DESKTOP-SSHILTU" name="com.swipe.Sign_OUT_scripts" tests="1" failures="0" timestamp="30 Apr 2021 12:33:46 GMT" time="13.153" errors="0">
  <testcase name="test" time="13.153" classname="com.swipe.Sign_OUT_scripts"/>
</testsuite> <!-- com.swipe.Sign_OUT_scripts -->
