<?xml version="1.0" encoding="UTF-8"?>
<!-- Generated by org.testng.reporters.JUnitReportReporter -->
<testsuite skipped="0" hostname="DESKTOP-SSHILTU" name="com.efrq_page_scripts.Request_bro" tests="1" failures="0" timestamp="07 Aug 2021 05:27:52 GMT" time="7.326" errors="0">
  <testcase name="test" time="7.326" classname="com.efrq_page_scripts.Request_bro"/>
</testsuite> <!-- com.efrq_page_scripts.Request_bro -->
