<?xml version="1.0" encoding="UTF-8"?>
<!-- Generated by org.testng.reporters.JUnitReportReporter -->
<testsuite skipped="0" hostname="DESKTOP-SSHILTU" name="com.swipe.SignOut_scripts" tests="1" failures="0" timestamp="28 Apr 2021 03:44:57 GMT" time="20.368" errors="0">
  <testcase name="test" time="20.368" classname="com.swipe.SignOut_scripts"/>
</testsuite> <!-- com.swipe.SignOut_scripts -->
