<?xml version="1.0" encoding="UTF-8"?>
<!-- Generated by org.testng.reporters.JUnitReportReporter -->
<testsuite skipped="0" hostname="DESKTOP-SSHILTU" name="com.testscipts.Signup_Signoutscripts" tests="1" failures="0" timestamp="27 Apr 2021 12:37:18 GMT" time="16.713" errors="0">
  <testcase name="test" time="16.713" classname="com.testscipts.Signup_Signoutscripts"/>
</testsuite> <!-- com.testscipts.Signup_Signoutscripts -->
