<?xml version="1.0" encoding="UTF-8"?>
<!-- Generated by org.testng.reporters.JUnitReportReporter -->
<testsuite skipped="0" hostname="DESKTOP-SSHILTU" name="com.util.cred.Sf_auth" tests="1" failures="0" timestamp="06 May 2021 15:42:36 GMT" time="7.883" errors="0">
  <testcase name="test" time="7.883" classname="com.util.cred.Sf_auth"/>
</testsuite> <!-- com.util.cred.Sf_auth -->
