<?xml version="1.0" encoding="UTF-8"?>
<!-- Generated by org.testng.reporters.JUnitReportReporter -->
<testsuite skipped="0" hostname="DESKTOP-SSHILTU" name="api.script.Api_script" tests="3" failures="0" timestamp="2021-11-07T20:52:45 IST" time="6.362" errors="0">
  <testcase name="Get" time="1.112" classname="api.script.Api_script"/>
  <system-out/>
  <testcase name="Delete" time="3.812" classname="api.script.Api_script"/>
  <system-out/>
  <testcase name="Post" time="1.438" classname="api.script.Api_script"/>
  <system-out/>
</testsuite> <!-- api.script.Api_script -->
