<?xml version="1.0" encoding="UTF-8"?>
<!-- Generated by org.testng.reporters.JUnitReportReporter -->
<testsuite skipped="0" hostname="DESKTOP-SSHILTU" name="com.swipe.Sign_IN_scripts" tests="1" failures="0" timestamp="30 Apr 2021 03:44:59 GMT" time="48.100" errors="0">
  <testcase name="test" time="48.100" classname="com.swipe.Sign_IN_scripts"/>
</testsuite> <!-- com.swipe.Sign_IN_scripts -->
