<?xml version="1.0" encoding="UTF-8"?>
<!-- Generated by org.testng.reporters.JUnitReportReporter -->
<testsuite skipped="0" hostname="DESKTOP-SSHILTU" name="com.testscipts.Testscripts" tests="1" failures="0" timestamp="28 Apr 2021 11:35:46 GMT" time="16.064" errors="0">
  <testcase name="test" time="16.064" classname="com.testscipts.Testscripts"/>
</testsuite> <!-- com.testscipts.Testscripts -->
